mode: set
Kelompok-2/dompet-online/repository/transaction_repository.go:20.65,24.2 1 1
Kelompok-2/dompet-online/repository/transaction_repository.go:26.96,48.16 4 1
Kelompok-2/dompet-online/repository/transaction_repository.go:48.16,50.3 1 1
Kelompok-2/dompet-online/repository/transaction_repository.go:52.2,52.18 1 1
Kelompok-2/dompet-online/repository/transaction_repository.go:52.18,67.17 3 1
Kelompok-2/dompet-online/repository/transaction_repository.go:67.17,69.4 1 0
Kelompok-2/dompet-online/repository/transaction_repository.go:71.3,71.86 1 1
Kelompok-2/dompet-online/repository/transaction_repository.go:73.2,75.40 2 1
Kelompok-2/dompet-online/repository/transaction_repository.go:75.40,77.3 1 0
Kelompok-2/dompet-online/repository/transaction_repository.go:79.2,79.38 1 1
Kelompok-2/dompet-online/repository/transaction_repository.go:82.111,111.16 4 1
Kelompok-2/dompet-online/repository/transaction_repository.go:111.16,113.3 1 1
Kelompok-2/dompet-online/repository/transaction_repository.go:115.2,115.32 1 0
Kelompok-2/dompet-online/repository/transaction_repository.go:118.67,125.16 4 1
Kelompok-2/dompet-online/repository/transaction_repository.go:125.16,127.3 1 1
Kelompok-2/dompet-online/repository/transaction_repository.go:129.2,129.19 1 0
Kelompok-2/dompet-online/repository/users_repository.go:26.51,30.2 1 1
Kelompok-2/dompet-online/repository/users_repository.go:33.55,47.16 2 1
Kelompok-2/dompet-online/repository/users_repository.go:47.16,49.3 1 1
Kelompok-2/dompet-online/repository/users_repository.go:50.2,50.12 1 1
Kelompok-2/dompet-online/repository/users_repository.go:54.79,63.16 4 1
Kelompok-2/dompet-online/repository/users_repository.go:63.16,65.3 1 1
Kelompok-2/dompet-online/repository/users_repository.go:66.2,66.18 1 1
Kelompok-2/dompet-online/repository/users_repository.go:69.111,71.16 2 1
Kelompok-2/dompet-online/repository/users_repository.go:71.16,73.3 1 1
Kelompok-2/dompet-online/repository/users_repository.go:74.2,74.12 1 0
Kelompok-2/dompet-online/repository/users_repository.go:77.80,79.16 2 1
Kelompok-2/dompet-online/repository/users_repository.go:79.16,81.3 1 1
Kelompok-2/dompet-online/repository/users_repository.go:82.2,82.12 1 0
Kelompok-2/dompet-online/repository/users_repository.go:86.59,88.16 2 1
Kelompok-2/dompet-online/repository/users_repository.go:88.16,90.3 1 1
Kelompok-2/dompet-online/repository/users_repository.go:91.2,92.18 2 1
Kelompok-2/dompet-online/repository/users_repository.go:92.18,107.17 3 1
Kelompok-2/dompet-online/repository/users_repository.go:107.17,109.4 1 0
Kelompok-2/dompet-online/repository/users_repository.go:110.3,110.30 1 1
Kelompok-2/dompet-online/repository/users_repository.go:112.2,112.19 1 1
Kelompok-2/dompet-online/repository/users_repository.go:115.85,131.16 4 1
Kelompok-2/dompet-online/repository/users_repository.go:131.16,133.3 1 1
Kelompok-2/dompet-online/repository/users_repository.go:134.2,134.18 1 1
Kelompok-2/dompet-online/repository/users_repository.go:137.67,142.16 4 1
Kelompok-2/dompet-online/repository/users_repository.go:142.16,144.3 1 1
Kelompok-2/dompet-online/repository/users_repository.go:145.2,145.19 1 1
Kelompok-2/dompet-online/repository/users_repository.go:148.97,164.16 4 0
Kelompok-2/dompet-online/repository/users_repository.go:164.16,166.3 1 0
Kelompok-2/dompet-online/repository/users_repository.go:167.2,167.18 1 0
Kelompok-2/dompet-online/repository/users_repository.go:170.95,172.16 2 1
Kelompok-2/dompet-online/repository/users_repository.go:172.16,174.3 1 1
Kelompok-2/dompet-online/repository/users_repository.go:175.2,175.27 1 0
Kelompok-2/dompet-online/repository/wallets_repository.go:18.55,22.2 1 1
Kelompok-2/dompet-online/repository/wallets_repository.go:24.78,36.16 4 1
Kelompok-2/dompet-online/repository/wallets_repository.go:36.16,38.3 1 1
Kelompok-2/dompet-online/repository/wallets_repository.go:39.2,39.20 1 0
Kelompok-2/dompet-online/repository/wallets_repository.go:42.60,51.16 2 1
Kelompok-2/dompet-online/repository/wallets_repository.go:51.16,53.3 1 1
Kelompok-2/dompet-online/repository/wallets_repository.go:54.2,54.12 1 1
Kelompok-2/dompet-online/repository/wallets_repository.go:57.83,65.16 3 1
Kelompok-2/dompet-online/repository/wallets_repository.go:65.16,67.3 1 1
Kelompok-2/dompet-online/repository/wallets_repository.go:69.2,69.12 1 0
Kelompok-2/dompet-online/usecase/transaction_usecase.go:24.110,26.2 1 1
Kelompok-2/dompet-online/usecase/transaction_usecase.go:28.110,30.16 2 1
Kelompok-2/dompet-online/usecase/transaction_usecase.go:30.16,32.3 1 0
Kelompok-2/dompet-online/usecase/transaction_usecase.go:34.2,34.38 1 1
Kelompok-2/dompet-online/usecase/transaction_usecase.go:37.90,50.16 3 1
Kelompok-2/dompet-online/usecase/transaction_usecase.go:50.16,52.3 1 0
Kelompok-2/dompet-online/usecase/transaction_usecase.go:54.2,55.16 2 1
Kelompok-2/dompet-online/usecase/transaction_usecase.go:55.16,57.3 1 0
Kelompok-2/dompet-online/usecase/transaction_usecase.go:59.2,59.32 1 1
Kelompok-2/dompet-online/usecase/transaction_usecase.go:62.96,74.16 3 1
Kelompok-2/dompet-online/usecase/transaction_usecase.go:74.16,76.3 1 0
Kelompok-2/dompet-online/usecase/transaction_usecase.go:79.2,80.16 2 1
Kelompok-2/dompet-online/usecase/transaction_usecase.go:80.16,82.3 1 0
Kelompok-2/dompet-online/usecase/transaction_usecase.go:84.2,85.16 2 1
Kelompok-2/dompet-online/usecase/transaction_usecase.go:85.16,87.3 1 0
Kelompok-2/dompet-online/usecase/transaction_usecase.go:89.2,89.32 1 1
Kelompok-2/dompet-online/usecase/transaction_usecase.go:92.75,94.16 2 1
Kelompok-2/dompet-online/usecase/transaction_usecase.go:94.16,96.3 1 0
Kelompok-2/dompet-online/usecase/transaction_usecase.go:98.2,98.19 1 1
Kelompok-2/dompet-online/usecase/user_usecase.go:36.89,41.2 1 1
Kelompok-2/dompet-online/usecase/user_usecase.go:46.87,50.16 3 1
Kelompok-2/dompet-online/usecase/user_usecase.go:50.16,52.3 1 0
Kelompok-2/dompet-online/usecase/user_usecase.go:54.2,57.9 2 1
Kelompok-2/dompet-online/usecase/user_usecase.go:58.39,59.74 1 0
Kelompok-2/dompet-online/usecase/user_usecase.go:60.45,61.80 1 0
Kelompok-2/dompet-online/usecase/user_usecase.go:62.42,63.77 1 0
Kelompok-2/dompet-online/usecase/user_usecase.go:64.10,65.91 1 1
Kelompok-2/dompet-online/usecase/user_usecase.go:67.2,67.16 1 0
Kelompok-2/dompet-online/usecase/user_usecase.go:67.16,69.3 1 0
Kelompok-2/dompet-online/usecase/user_usecase.go:72.2,73.16 2 0
Kelompok-2/dompet-online/usecase/user_usecase.go:73.16,75.3 1 0
Kelompok-2/dompet-online/usecase/user_usecase.go:78.2,78.28 1 0
Kelompok-2/dompet-online/usecase/user_usecase.go:78.28,80.3 1 0
Kelompok-2/dompet-online/usecase/user_usecase.go:83.2,84.16 2 0
Kelompok-2/dompet-online/usecase/user_usecase.go:84.16,86.3 1 0
Kelompok-2/dompet-online/usecase/user_usecase.go:88.2,91.8 1 0
Kelompok-2/dompet-online/usecase/user_usecase.go:95.71,99.16 3 1
Kelompok-2/dompet-online/usecase/user_usecase.go:99.16,101.3 1 0
Kelompok-2/dompet-online/usecase/user_usecase.go:103.2,104.16 2 1
Kelompok-2/dompet-online/usecase/user_usecase.go:104.16,106.3 1 0
Kelompok-2/dompet-online/usecase/user_usecase.go:108.2,109.16 2 1
Kelompok-2/dompet-online/usecase/user_usecase.go:109.16,111.3 1 0
Kelompok-2/dompet-online/usecase/user_usecase.go:113.2,126.16 3 1
Kelompok-2/dompet-online/usecase/user_usecase.go:126.16,128.3 1 1
Kelompok-2/dompet-online/usecase/user_usecase.go:130.2,140.16 3 1
Kelompok-2/dompet-online/usecase/user_usecase.go:140.16,142.3 1 0
Kelompok-2/dompet-online/usecase/user_usecase.go:144.2,144.12 1 1
Kelompok-2/dompet-online/usecase/user_usecase.go:150.88,152.16 2 1
Kelompok-2/dompet-online/usecase/user_usecase.go:152.16,154.3 1 1
Kelompok-2/dompet-online/usecase/user_usecase.go:155.2,155.27 1 1
Kelompok-2/dompet-online/usecase/user_usecase.go:159.66,161.16 2 1
Kelompok-2/dompet-online/usecase/user_usecase.go:161.16,163.3 1 1
Kelompok-2/dompet-online/usecase/user_usecase.go:164.2,164.19 1 1
Kelompok-2/dompet-online/usecase/user_usecase.go:170.77,173.16 3 1
Kelompok-2/dompet-online/usecase/user_usecase.go:173.16,175.3 1 0
Kelompok-2/dompet-online/usecase/user_usecase.go:177.2,177.54 1 1
Kelompok-2/dompet-online/usecase/user_usecase.go:177.54,179.3 1 1
Kelompok-2/dompet-online/usecase/user_usecase.go:180.2,180.12 1 1
Kelompok-2/dompet-online/usecase/user_usecase.go:185.86,188.16 3 1
Kelompok-2/dompet-online/usecase/user_usecase.go:188.16,190.3 1 0
Kelompok-2/dompet-online/usecase/user_usecase.go:192.2,193.16 2 1
Kelompok-2/dompet-online/usecase/user_usecase.go:193.16,195.3 1 0
Kelompok-2/dompet-online/usecase/user_usecase.go:197.2,198.16 2 1
Kelompok-2/dompet-online/usecase/user_usecase.go:198.16,200.3 1 1
Kelompok-2/dompet-online/usecase/user_usecase.go:202.2,203.16 2 0
Kelompok-2/dompet-online/usecase/user_usecase.go:203.16,205.3 1 0
Kelompok-2/dompet-online/usecase/user_usecase.go:207.2,208.16 2 0
Kelompok-2/dompet-online/usecase/user_usecase.go:208.16,210.3 1 0
Kelompok-2/dompet-online/usecase/user_usecase.go:212.2,213.16 2 0
Kelompok-2/dompet-online/usecase/user_usecase.go:213.16,215.3 1 0
Kelompok-2/dompet-online/usecase/user_usecase.go:216.2,216.12 1 0
Kelompok-2/dompet-online/usecase/user_usecase.go:220.93,222.16 2 1
Kelompok-2/dompet-online/usecase/user_usecase.go:222.16,224.3 1 1
Kelompok-2/dompet-online/usecase/user_usecase.go:226.2,232.16 4 1
Kelompok-2/dompet-online/usecase/user_usecase.go:232.16,234.3 1 0
Kelompok-2/dompet-online/usecase/user_usecase.go:235.2,235.18 1 0
Kelompok-2/dompet-online/usecase/user_usecase.go:241.76,243.2 1 1
Kelompok-2/dompet-online/usecase/user_usecase.go:246.64,248.2 1 1
Kelompok-2/dompet-online/usecase/user_usecase.go:251.94,253.16 2 1
Kelompok-2/dompet-online/usecase/user_usecase.go:253.16,255.3 1 1
Kelompok-2/dompet-online/usecase/user_usecase.go:256.2,256.18 1 1
Kelompok-2/dompet-online/usecase/wallet_usecase.go:18.71,22.2 1 1
Kelompok-2/dompet-online/usecase/wallet_usecase.go:24.80,26.16 2 1
Kelompok-2/dompet-online/usecase/wallet_usecase.go:26.16,28.3 1 1
Kelompok-2/dompet-online/usecase/wallet_usecase.go:29.2,29.20 1 1
Kelompok-2/dompet-online/usecase/wallet_usecase.go:32.66,34.16 2 1
Kelompok-2/dompet-online/usecase/wallet_usecase.go:34.16,36.3 1 1
Kelompok-2/dompet-online/usecase/wallet_usecase.go:38.2,38.12 1 1
Kelompok-2/dompet-online/usecase/wallet_usecase.go:41.80,43.16 2 1
Kelompok-2/dompet-online/usecase/wallet_usecase.go:43.16,45.3 1 1
Kelompok-2/dompet-online/usecase/wallet_usecase.go:47.2,47.12 1 1
